<?xml version="1.0" encoding="UTF-8"?>
<testng-results skipped="0" failed="0" ignored="0" total="1" passed="1">
  <reporter-output>
  </reporter-output>
  <suite name="Default suite" duration-ms="40931" started-at="2020-03-03T00:57:55 EET" finished-at="2020-03-03T00:58:36 EET">
    <groups>
    </groups>
    <test name="Default test" duration-ms="40931" started-at="2020-03-03T00:57:55 EET" finished-at="2020-03-03T00:58:36 EET">
      <class name="RoundTripFlight.RoundTest">
        <test-method status="PASS" signature="beforeClass()[pri:0, instance:RoundTripFlight.RoundTest@2d6eabae]" name="beforeClass" is-config="true" duration-ms="9130" started-at="2020-03-03T00:57:55 EET" finished-at="2020-03-03T00:58:04 EET">
          <reporter-output>
          </reporter-output>
        </test-method> <!-- beforeClass -->
        <test-method status="PASS" signature="f()[pri:0, instance:RoundTripFlight.RoundTest@2d6eabae]" name="f" duration-ms="24972" started-at="2020-03-03T00:58:04 EET" finished-at="2020-03-03T00:58:29 EET">
          <reporter-output>
          </reporter-output>
        </test-method> <!-- f -->
        <test-method status="PASS" signature="afterClass()[pri:0, instance:RoundTripFlight.RoundTest@2d6eabae]" name="afterClass" is-config="true" duration-ms="6680" started-at="2020-03-03T00:58:29 EET" finished-at="2020-03-03T00:58:36 EET">
          <reporter-output>
          </reporter-output>
        </test-method> <!-- afterClass -->
      </class> <!-- RoundTripFlight.RoundTest -->
    </test> <!-- Default test -->
  </suite> <!-- Default suite -->
</testng-results>
