<?xml version="1.0" encoding="UTF-8"?>
<testng-results skipped="0" failed="0" ignored="0" total="1" passed="1">
  <reporter-output>
  </reporter-output>
  <suite name="Default suite" duration-ms="79039" started-at="2020-03-08T18:41:48 EET" finished-at="2020-03-08T18:43:07 EET">
    <groups>
    </groups>
    <test name="Default test" duration-ms="79039" started-at="2020-03-08T18:41:48 EET" finished-at="2020-03-08T18:43:07 EET">
      <class name="roundTest.TestRound">
        <test-method status="PASS" signature="beforeClass()[pri:0, instance:roundTest.TestRound@76707e36]" name="beforeClass" is-config="true" duration-ms="24826" started-at="2020-03-08T18:41:48 EET" finished-at="2020-03-08T18:42:13 EET">
          <reporter-output>
          </reporter-output>
        </test-method> <!-- beforeClass -->
        <test-method status="PASS" signature="test()[pri:0, instance:roundTest.TestRound@76707e36]" name="test" duration-ms="45224" started-at="2020-03-08T18:42:13 EET" finished-at="2020-03-08T18:42:58 EET">
          <reporter-output>
          </reporter-output>
        </test-method> <!-- test -->
        <test-method status="PASS" signature="afterClass()[pri:0, instance:roundTest.TestRound@76707e36]" name="afterClass" is-config="true" duration-ms="8736" started-at="2020-03-08T18:42:58 EET" finished-at="2020-03-08T18:43:07 EET">
          <reporter-output>
          </reporter-output>
        </test-method> <!-- afterClass -->
      </class> <!-- roundTest.TestRound -->
    </test> <!-- Default test -->
  </suite> <!-- Default suite -->
</testng-results>
